{"/home/alfset/Documents/X402/X402For/celo-miniPay/src/index.ts": {"path":"/home/alfset/Documents/X402/X402For/celo-miniPay/src/index.ts","statementMap":{"0":{"start":{"line":1,"column":0},"end":{"line":1,"column":24}},"1":{"start":{"line":2,"column":0},"end":{"line":2,"column":9}},"2":{"start":{"line":2,"column":9},"end":{"line":2,"column":21}},"3":{"start":{"line":2,"column":21},"end":{"line":2,"column":39}},"4":{"start":{"line":2,"column":39},"end":{"line":2,"column":80}},"5":{"start":{"line":3,"column":0},"end":{"line":3,"column":9}},"6":{"start":{"line":3,"column":9},"end":{"line":3,"column":56}},"7":{"start":{"line":4,"column":0},"end":{"line":4,"column":9}},"8":{"start":{"line":4,"column":9},"end":{"line":4,"column":58}},"9":{"start":{"line":5,"column":0},"end":{"line":5,"column":9}},"10":{"start":{"line":5,"column":9},"end":{"line":5,"column":46}}},"fnMap":{"0":{"name":"(anonymous_4)","decl":{"start":{"line":2,"column":9},"end":{"line":2,"column":19}},"loc":{"start":{"line":2,"column":9},"end":{"line":2,"column":21}}},"1":{"name":"(anonymous_5)","decl":{"start":{"line":2,"column":21},"end":{"line":2,"column":37}},"loc":{"start":{"line":2,"column":21},"end":{"line":2,"column":39}}},"2":{"name":"(anonymous_6)","decl":{"start":{"line":2,"column":39},"end":{"line":2,"column":52}},"loc":{"start":{"line":2,"column":39},"end":{"line":2,"column":80}}},"3":{"name":"(anonymous_7)","decl":{"start":{"line":3,"column":9},"end":{"line":3,"column":22}},"loc":{"start":{"line":3,"column":9},"end":{"line":3,"column":56}}},"4":{"name":"(anonymous_8)","decl":{"start":{"line":4,"column":9},"end":{"line":4,"column":23}},"loc":{"start":{"line":4,"column":9},"end":{"line":4,"column":58}}},"5":{"name":"(anonymous_9)","decl":{"start":{"line":5,"column":9},"end":{"line":5,"column":17}},"loc":{"start":{"line":5,"column":9},"end":{"line":5,"column":46}}}},"branchMap":{},"s":{"0":1,"1":1,"2":6,"3":1,"4":1,"5":1,"6":1,"7":1,"8":1,"9":1,"10":1},"f":{"0":5,"1":0,"2":0,"3":0,"4":0,"5":0},"b":{}}
,"/home/alfset/Documents/X402/X402For/celo-miniPay/src/core/PaymentSDK.ts": {"path":"/home/alfset/Documents/X402/X402For/celo-miniPay/src/core/PaymentSDK.ts","statementMap":{"0":{"start":{"line":140,"column":0},"end":{"line":140,"column":16}},"1":{"start":{"line":145,"column":0},"end":{"line":145,"column":16}},"2":{"start":{"line":1,"column":0},"end":{"line":1,"column":null}},"3":{"start":{"line":11,"column":0},"end":{"line":11,"column":57}},"4":{"start":{"line":12,"column":0},"end":{"line":12,"column":59}},"5":{"start":{"line":13,"column":0},"end":{"line":13,"column":47}},"6":{"start":{"line":26,"column":4},"end":{"line":31,"column":6}},"7":{"start":{"line":33,"column":4},"end":{"line":33,"column":35}},"8":{"start":{"line":34,"column":4},"end":{"line":34,"column":71}},"9":{"start":{"line":35,"column":4},"end":{"line":35,"column":73}},"10":{"start":{"line":42,"column":4},"end":{"line":77,"column":5}},"11":{"start":{"line":43,"column":6},"end":{"line":43,"column":70}},"12":{"start":{"line":46,"column":26},"end":{"line":46,"column":72}},"13":{"start":{"line":49,"column":30},"end":{"line":49,"column":95}},"14":{"start":{"line":52,"column":21},"end":{"line":52,"column":90}},"15":{"start":{"line":55,"column":6},"end":{"line":59,"column":7}},"16":{"start":{"line":56,"column":8},"end":{"line":56,"column":52}},"17":{"start":{"line":58,"column":8},"end":{"line":58,"column":49}},"18":{"start":{"line":61,"column":6},"end":{"line":61,"column":20}},"19":{"start":{"line":63,"column":43},"end":{"line":73,"column":8}},"20":{"start":{"line":75,"column":6},"end":{"line":75,"column":54}},"21":{"start":{"line":76,"column":6},"end":{"line":76,"column":27}},"22":{"start":{"line":84,"column":4},"end":{"line":84,"column":51}},"23":{"start":{"line":91,"column":4},"end":{"line":91,"column":45}},"24":{"start":{"line":98,"column":4},"end":{"line":98,"column":76}},"25":{"start":{"line":105,"column":4},"end":{"line":105,"column":50}},"26":{"start":{"line":112,"column":4},"end":{"line":112,"column":30}},"27":{"start":{"line":116,"column":4},"end":{"line":118,"column":51}},"28":{"start":{"line":123,"column":4},"end":{"line":125,"column":53}},"29":{"start":{"line":129,"column":4},"end":{"line":133,"column":7}},"30":{"start":{"line":19,"column":0},"end":{"line":19,"column":13}},"31":{"start":{"line":138,"column":37},"end":{"line":138,"column":41}},"32":{"start":{"line":141,"column":2},"end":{"line":141,"column":39}},"33":{"start":{"line":142,"column":2},"end":{"line":142,"column":21}},"34":{"start":{"line":146,"column":2},"end":{"line":146,"column":21}}},"fnMap":{"0":{"name":"(anonymous_0)","decl":{"start":{"line":25,"column":2},"end":{"line":25,"column":14}},"loc":{"start":{"line":25,"column":31},"end":{"line":36,"column":3}}},"1":{"name":"(anonymous_1)","decl":{"start":{"line":41,"column":2},"end":{"line":41,"column":7}},"loc":{"start":{"line":41,"column":47},"end":{"line":78,"column":3}}},"2":{"name":"(anonymous_2)","decl":{"start":{"line":83,"column":2},"end":{"line":83,"column":7}},"loc":{"start":{"line":83,"column":42},"end":{"line":85,"column":3}}},"3":{"name":"(anonymous_3)","decl":{"start":{"line":90,"column":2},"end":{"line":90,"column":4}},"loc":{"start":{"line":90,"column":31},"end":{"line":92,"column":3}}},"4":{"name":"(anonymous_4)","decl":{"start":{"line":97,"column":2},"end":{"line":97,"column":16}},"loc":{"start":{"line":97,"column":71},"end":{"line":99,"column":3}}},"5":{"name":"(anonymous_5)","decl":{"start":{"line":104,"column":2},"end":{"line":104,"column":7}},"loc":{"start":{"line":104,"column":34},"end":{"line":106,"column":3}}},"6":{"name":"(anonymous_6)","decl":{"start":{"line":111,"column":2},"end":{"line":111,"column":11}},"loc":{"start":{"line":111,"column":11},"end":{"line":113,"column":3}}},"7":{"name":"(anonymous_7)","decl":{"start":{"line":115,"column":10},"end":{"line":115,"column":26}},"loc":{"start":{"line":115,"column":59},"end":{"line":119,"column":3}}},"8":{"name":"(anonymous_8)","decl":{"start":{"line":121,"column":10},"end":{"line":121,"column":39}},"loc":{"start":{"line":121,"column":72},"end":{"line":126,"column":3}}},"9":{"name":"(anonymous_9)","decl":{"start":{"line":128,"column":10},"end":{"line":128,"column":19}},"loc":{"start":{"line":128,"column":53},"end":{"line":134,"column":3}}},"10":{"name":"createPaymentSDK","decl":{"start":{"line":140,"column":16},"end":{"line":140,"column":32}},"loc":{"start":{"line":140,"column":50},"end":{"line":143,"column":1}}},"11":{"name":"getPaymentSDK","decl":{"start":{"line":145,"column":16},"end":{"line":145,"column":29}},"loc":{"start":{"line":145,"column":29},"end":{"line":147,"column":1}}}},"branchMap":{"0":{"loc":{"start":{"line":28,"column":14},"end":{"line":28,"column":68}},"type":"binary-expr","locations":[{"start":{"line":28,"column":14},"end":{"line":28,"column":27}},{"start":{"line":28,"column":31},"end":{"line":28,"column":68}}]},"1":{"loc":{"start":{"line":29,"column":27},"end":{"line":29,"column":107}},"type":"binary-expr","locations":[{"start":{"line":29,"column":27},"end":{"line":29,"column":53}},{"start":{"line":29,"column":57},"end":{"line":29,"column":107}}]},"2":{"loc":{"start":{"line":30,"column":15},"end":{"line":30,"column":38}},"type":"binary-expr","locations":[{"start":{"line":30,"column":15},"end":{"line":30,"column":29}},{"start":{"line":30,"column":33},"end":{"line":30,"column":38}}]},"3":{"loc":{"start":{"line":55,"column":6},"end":{"line":59,"column":7}},"type":"if","locations":[{"start":{"line":55,"column":6},"end":{"line":59,"column":7}},{"start":{"line":57,"column":13},"end":{"line":59,"column":7}}]},"4":{"loc":{"start":{"line":70,"column":19},"end":{"line":70,"column":84}},"type":"cond-expr","locations":[{"start":{"line":70,"column":44},"end":{"line":70,"column":57}},{"start":{"line":70,"column":60},"end":{"line":70,"column":84}}]},"5":{"loc":{"start":{"line":116,"column":11},"end":{"line":118,"column":50}},"type":"cond-expr","locations":[{"start":{"line":117,"column":8},"end":{"line":117,"column":32}},{"start":{"line":118,"column":8},"end":{"line":118,"column":50}}]},"6":{"loc":{"start":{"line":123,"column":11},"end":{"line":125,"column":52}},"type":"cond-expr","locations":[{"start":{"line":124,"column":8},"end":{"line":124,"column":52}},{"start":{"line":125,"column":8},"end":{"line":125,"column":52}}]}},"s":{"0":1,"1":1,"2":1,"3":1,"4":1,"5":1,"6":4,"7":4,"8":4,"9":4,"10":2,"11":2,"12":2,"13":2,"14":1,"15":1,"16":1,"17":0,"18":1,"19":0,"20":0,"21":0,"22":0,"23":1,"24":1,"25":0,"26":0,"27":4,"28":4,"29":3,"30":1,"31":1,"32":0,"33":0,"34":0},"f":{"0":4,"1":2,"2":0,"3":1,"4":1,"5":0,"6":0,"7":4,"8":4,"9":3,"10":0,"11":0},"b":{"0":[4,4],"1":[4,4],"2":[4,4],"3":[1,0],"4":[0,0],"5":[0,4],"6":[0,4]}}
,"/home/alfset/Documents/X402/X402For/celo-miniPay/src/modules/EventBus.ts": {"path":"/home/alfset/Documents/X402/X402For/celo-miniPay/src/modules/EventBus.ts","statementMap":{"0":{"start":{"line":4,"column":47},"end":{"line":4,"column":56}},"1":{"start":{"line":7,"column":4},"end":{"line":7,"column":35}},"2":{"start":{"line":8,"column":4},"end":{"line":8,"column":51}},"3":{"start":{"line":8,"column":17},"end":{"line":8,"column":50}},"4":{"start":{"line":12,"column":4},"end":{"line":18,"column":7}},"5":{"start":{"line":13,"column":6},"end":{"line":17,"column":7}},"6":{"start":{"line":14,"column":8},"end":{"line":14,"column":24}},"7":{"start":{"line":16,"column":8},"end":{"line":16,"column":57}},"8":{"start":{"line":3,"column":0},"end":{"line":3,"column":13}}},"fnMap":{"0":{"name":"(anonymous_0)","decl":{"start":{"line":6,"column":2},"end":{"line":6,"column":11}},"loc":{"start":{"line":6,"column":38},"end":{"line":9,"column":3}}},"1":{"name":"(anonymous_1)","decl":{"start":{"line":8,"column":11},"end":{"line":8,"column":14}},"loc":{"start":{"line":8,"column":17},"end":{"line":8,"column":50}}},"2":{"name":"(anonymous_2)","decl":{"start":{"line":11,"column":2},"end":{"line":11,"column":6}},"loc":{"start":{"line":11,"column":22},"end":{"line":19,"column":3}}},"3":{"name":"(anonymous_3)","decl":{"start":{"line":12,"column":29},"end":{"line":12,"column":37}},"loc":{"start":{"line":12,"column":40},"end":{"line":18,"column":5}}}},"branchMap":{},"s":{"0":4,"1":1,"2":1,"3":1,"4":4,"5":1,"6":1,"7":0,"8":1},"f":{"0":1,"1":1,"2":4,"3":1},"b":{}}
,"/home/alfset/Documents/X402/X402For/celo-miniPay/src/modules/MerchantModule.ts": {"path":"/home/alfset/Documents/X402/X402For/celo-miniPay/src/modules/MerchantModule.ts","statementMap":{"0":{"start":{"line":6,"column":48},"end":{"line":6,"column":57}},"1":{"start":{"line":9,"column":12},"end":{"line":9,"column":39}},"2":{"start":{"line":10,"column":12},"end":{"line":10,"column":30}},"3":{"start":{"line":14,"column":4},"end":{"line":16,"column":5}},"4":{"start":{"line":15,"column":6},"end":{"line":15,"column":38}},"5":{"start":{"line":17,"column":4},"end":{"line":26,"column":5}},"6":{"start":{"line":18,"column":22},"end":{"line":18,"column":63}},"7":{"start":{"line":19,"column":6},"end":{"line":21,"column":7}},"8":{"start":{"line":20,"column":8},"end":{"line":20,"column":41}},"9":{"start":{"line":22,"column":6},"end":{"line":22,"column":21}},"10":{"start":{"line":24,"column":6},"end":{"line":24,"column":63}},"11":{"start":{"line":25,"column":6},"end":{"line":25,"column":18}},"12":{"start":{"line":30,"column":4},"end":{"line":30,"column":23}},"13":{"start":{"line":34,"column":4},"end":{"line":34,"column":59}},"14":{"start":{"line":34,"column":33},"end":{"line":34,"column":57}},"15":{"start":{"line":35,"column":4},"end":{"line":44,"column":5}},"16":{"start":{"line":36,"column":6},"end":{"line":43,"column":8}},"17":{"start":{"line":45,"column":4},"end":{"line":50,"column":6}},"18":{"start":{"line":5,"column":0},"end":{"line":5,"column":13}}},"fnMap":{"0":{"name":"(anonymous_0)","decl":{"start":{"line":8,"column":2},"end":{"line":8,"column":null}},"loc":{"start":{"line":10,"column":30},"end":{"line":11,"column":6}}},"1":{"name":"(anonymous_1)","decl":{"start":{"line":13,"column":2},"end":{"line":13,"column":7}},"loc":{"start":{"line":13,"column":34},"end":{"line":27,"column":3}}},"2":{"name":"(anonymous_2)","decl":{"start":{"line":29,"column":2},"end":{"line":29,"column":12}},"loc":{"start":{"line":29,"column":12},"end":{"line":31,"column":3}}},"3":{"name":"(anonymous_3)","decl":{"start":{"line":33,"column":10},"end":{"line":33,"column":15}},"loc":{"start":{"line":33,"column":53},"end":{"line":51,"column":3}}},"4":{"name":"(anonymous_4)","decl":{"start":{"line":34,"column":22},"end":{"line":34,"column":29}},"loc":{"start":{"line":34,"column":33},"end":{"line":34,"column":57}}}},"branchMap":{"0":{"loc":{"start":{"line":14,"column":4},"end":{"line":16,"column":5}},"type":"if","locations":[{"start":{"line":14,"column":4},"end":{"line":16,"column":5}},{"start":{},"end":{}}]},"1":{"loc":{"start":{"line":19,"column":6},"end":{"line":21,"column":7}},"type":"if","locations":[{"start":{"line":19,"column":6},"end":{"line":21,"column":7}},{"start":{},"end":{}}]},"2":{"loc":{"start":{"line":35,"column":4},"end":{"line":44,"column":5}},"type":"if","locations":[{"start":{"line":35,"column":4},"end":{"line":44,"column":5}},{"start":{},"end":{}}]}},"s":{"0":4,"1":4,"2":4,"3":2,"4":0,"5":2,"6":2,"7":1,"8":1,"9":1,"10":0,"11":0,"12":0,"13":2,"14":2,"15":1,"16":1,"17":0,"18":1},"f":{"0":4,"1":2,"2":0,"3":2,"4":2},"b":{"0":[0,2],"1":[1,0],"2":[1,0]}}
,"/home/alfset/Documents/X402/X402For/celo-miniPay/src/modules/PaymentModule.ts": {"path":"/home/alfset/Documents/X402/X402For/celo-miniPay/src/modules/PaymentModule.ts","statementMap":{"0":{"start":{"line":1,"column":0},"end":{"line":1,"column":null}},"1":{"start":{"line":12,"column":12},"end":{"line":12,"column":39}},"2":{"start":{"line":13,"column":12},"end":{"line":13,"column":30}},"3":{"start":{"line":17,"column":4},"end":{"line":31,"column":5}},"4":{"start":{"line":18,"column":18},"end":{"line":18,"column":61}},"5":{"start":{"line":19,"column":30},"end":{"line":19,"column":42}},"6":{"start":{"line":20,"column":21},"end":{"line":20,"column":58}},"7":{"start":{"line":21,"column":24},"end":{"line":21,"column":66}},"8":{"start":{"line":22,"column":19},"end":{"line":22,"column":60}},"9":{"start":{"line":24,"column":6},"end":{"line":26,"column":7}},"10":{"start":{"line":25,"column":8},"end":{"line":25,"column":63}},"11":{"start":{"line":28,"column":6},"end":{"line":28,"column":57}},"12":{"start":{"line":30,"column":6},"end":{"line":30,"column":48}},"13":{"start":{"line":35,"column":13},"end":{"line":35,"column":69}},"14":{"start":{"line":36,"column":4},"end":{"line":36,"column":56}},"15":{"start":{"line":36,"column":14},"end":{"line":36,"column":56}},"16":{"start":{"line":37,"column":4},"end":{"line":37,"column":14}},"17":{"start":{"line":44,"column":4},"end":{"line":48,"column":7}},"18":{"start":{"line":49,"column":4},"end":{"line":49,"column":60}},"19":{"start":{"line":49,"column":33},"end":{"line":49,"column":58}},"20":{"start":{"line":50,"column":23},"end":{"line":50,"column":73}},"21":{"start":{"line":51,"column":4},"end":{"line":73,"column":6}},"22":{"start":{"line":77,"column":4},"end":{"line":77,"column":20}},"23":{"start":{"line":10,"column":0},"end":{"line":10,"column":13}}},"fnMap":{"0":{"name":"(anonymous_0)","decl":{"start":{"line":11,"column":2},"end":{"line":11,"column":null}},"loc":{"start":{"line":13,"column":30},"end":{"line":14,"column":6}}},"1":{"name":"(anonymous_1)","decl":{"start":{"line":16,"column":2},"end":{"line":16,"column":13}},"loc":{"start":{"line":16,"column":28},"end":{"line":32,"column":3}}},"2":{"name":"(anonymous_2)","decl":{"start":{"line":34,"column":2},"end":{"line":34,"column":16}},"loc":{"start":{"line":34,"column":71},"end":{"line":38,"column":3}}},"3":{"name":"(anonymous_3)","decl":{"start":{"line":40,"column":2},"end":{"line":40,"column":7}},"loc":{"start":{"line":42,"column":43},"end":{"line":74,"column":3}}},"4":{"name":"(anonymous_4)","decl":{"start":{"line":49,"column":22},"end":{"line":49,"column":29}},"loc":{"start":{"line":49,"column":33},"end":{"line":49,"column":58}}},"5":{"name":"(anonymous_5)","decl":{"start":{"line":76,"column":2},"end":{"line":76,"column":7}},"loc":{"start":{"line":76,"column":34},"end":{"line":78,"column":3}}}},"branchMap":{"0":{"loc":{"start":{"line":20,"column":21},"end":{"line":20,"column":58}},"type":"binary-expr","locations":[{"start":{"line":20,"column":21},"end":{"line":20,"column":51}},{"start":{"line":20,"column":55},"end":{"line":20,"column":58}}]},"1":{"loc":{"start":{"line":21,"column":24},"end":{"line":21,"column":66}},"type":"binary-expr","locations":[{"start":{"line":21,"column":24},"end":{"line":21,"column":56}},{"start":{"line":21,"column":60},"end":{"line":21,"column":66}}]},"2":{"loc":{"start":{"line":22,"column":19},"end":{"line":22,"column":60}},"type":"binary-expr","locations":[{"start":{"line":22,"column":19},"end":{"line":22,"column":47}},{"start":{"line":22,"column":51},"end":{"line":22,"column":60}}]},"3":{"loc":{"start":{"line":24,"column":6},"end":{"line":26,"column":7}},"type":"if","locations":[{"start":{"line":24,"column":6},"end":{"line":26,"column":7}},{"start":{},"end":{}}]},"4":{"loc":{"start":{"line":24,"column":10},"end":{"line":24,"column":63}},"type":"binary-expr","locations":[{"start":{"line":24,"column":10},"end":{"line":24,"column":26}},{"start":{"line":24,"column":30},"end":{"line":24,"column":63}}]},"5":{"loc":{"start":{"line":36,"column":4},"end":{"line":36,"column":56}},"type":"if","locations":[{"start":{"line":36,"column":4},"end":{"line":36,"column":56}},{"start":{},"end":{}}]},"6":{"loc":{"start":{"line":58,"column":17},"end":{"line":58,"column":45}},"type":"binary-expr","locations":[{"start":{"line":58,"column":17},"end":{"line":58,"column":32}},{"start":{"line":58,"column":36},"end":{"line":58,"column":45}}]},"7":{"loc":{"start":{"line":66,"column":22},"end":{"line":66,"column":74}},"type":"binary-expr","locations":[{"start":{"line":66,"column":22},"end":{"line":66,"column":43}},{"start":{"line":66,"column":47},"end":{"line":66,"column":74}}]},"8":{"loc":{"start":{"line":71,"column":57},"end":{"line":71,"column":92}},"type":"binary-expr","locations":[{"start":{"line":71,"column":57},"end":{"line":71,"column":78}},{"start":{"line":71,"column":82},"end":{"line":71,"column":92}}]}},"s":{"0":1,"1":4,"2":4,"3":2,"4":2,"5":2,"6":2,"7":2,"8":2,"9":2,"10":0,"11":2,"12":0,"13":1,"14":1,"15":1,"16":1,"17":1,"18":1,"19":1,"20":1,"21":1,"22":0,"23":1},"f":{"0":4,"1":2,"2":1,"3":1,"4":1,"5":0},"b":{"0":[2,0],"1":[2,0],"2":[2,2],"3":[0,2],"4":[2,2],"5":[1,0],"6":[1,0],"7":[1,0],"8":[1,0]}}
,"/home/alfset/Documents/X402/X402For/celo-miniPay/src/types/index.ts": {"path":"/home/alfset/Documents/X402/X402For/celo-miniPay/src/types/index.ts","statementMap":{"0":{"start":{"line":1,"column":0},"end":{"line":1,"column":null}},"1":{"start":{"line":2,"column":2},"end":{"line":2,"column":null}},"2":{"start":{"line":3,"column":2},"end":{"line":3,"column":null}},"3":{"start":{"line":4,"column":2},"end":{"line":4,"column":null}},"4":{"start":{"line":5,"column":2},"end":{"line":5,"column":null}},"5":{"start":{"line":6,"column":2},"end":{"line":6,"column":null}},"6":{"start":{"line":7,"column":2},"end":{"line":7,"column":null}},"7":{"start":{"line":8,"column":2},"end":{"line":8,"column":null}},"8":{"start":{"line":9,"column":2},"end":{"line":9,"column":null}}},"fnMap":{"0":{"name":"(anonymous_0)","decl":{"start":{"line":1,"column":0},"end":{"line":1,"column":12}},"loc":{"start":{"line":1,"column":25},"end":{"line":10,"column":1}}}},"branchMap":{"0":{"loc":{"start":{"line":1,"column":12},"end":{"line":1,"column":null}},"type":"binary-expr","locations":[{"start":{"line":1,"column":12},"end":{"line":1,"column":25}},{"start":{"line":1,"column":25},"end":{"line":1,"column":null}}]}},"s":{"0":1,"1":1,"2":1,"3":1,"4":1,"5":1,"6":1,"7":1,"8":1},"f":{"0":1},"b":{"0":[1,1]}}
}
